<?xml version="1.0" encoding="UTF-8"?>
<testsuite xmlns:xsi="http://www.w3.org/2001/XMLSchema-instance" xsi:noNamespaceSchemaLocation="https://maven.apache.org/surefire/maven-surefire-plugin/xsd/surefire-test-report.xsd" version="3.0.2" name="com.devsite.adventure_works.AdventureWorksApplicationTests" time="14.59" tests="1" errors="0" skipped="0" failures="0">
  <properties>
    <property name="java.specification.version" value="21"/>
    <property name="sun.cpu.isalist" value="amd64"/>
    <property name="sun.jnu.encoding" value="Cp1252"/>
    <property name="java.class.path" value="C:\Users\alexi\Downloads\Spring Boot\adventure_works\target\test-classes;C:\Users\alexi\Downloads\Spring Boot\adventure_works\target\classes;C:\Users\alexi\.m2\repository\org\springframework\boot\spring-boot-starter-data-jpa\3.5.4\spring-boot-starter-data-jpa-3.5.4.jar;C:\Users\alexi\.m2\repository\org\springframework\boot\spring-boot-starter\3.5.4\spring-boot-starter-3.5.4.jar;C:\Users\alexi\.m2\repository\org\springframework\boot\spring-boot\3.5.4\spring-boot-3.5.4.jar;C:\Users\alexi\.m2\repository\org\springframework\boot\spring-boot-autoconfigure\3.5.4\spring-boot-autoconfigure-3.5.4.jar;C:\Users\alexi\.m2\repository\org\springframework\boot\spring-boot-starter-logging\3.5.4\spring-boot-starter-logging-3.5.4.jar;C:\Users\alexi\.m2\repository\ch\qos\logback\logback-classic\1.5.18\logback-classic-1.5.18.jar;C:\Users\alexi\.m2\repository\ch\qos\logback\logback-core\1.5.18\logback-core-1.5.18.jar;C:\Users\alexi\.m2\repository\org\apache\logging\log4j\log4j-to-slf4j\2.24.3\log4j-to-slf4j-2.24.3.jar;C:\Users\alexi\.m2\repository\org\apache\logging\log4j\log4j-api\2.24.3\log4j-api-2.24.3.jar;C:\Users\alexi\.m2\repository\org\slf4j\jul-to-slf4j\2.0.17\jul-to-slf4j-2.0.17.jar;C:\Users\alexi\.m2\repository\jakarta\annotation\jakarta.annotation-api\2.1.1\jakarta.annotation-api-2.1.1.jar;C:\Users\alexi\.m2\repository\org\yaml\snakeyaml\2.4\snakeyaml-2.4.jar;C:\Users\alexi\.m2\repository\org\springframework\boot\spring-boot-starter-jdbc\3.5.4\spring-boot-starter-jdbc-3.5.4.jar;C:\Users\alexi\.m2\repository\com\zaxxer\HikariCP\6.3.1\HikariCP-6.3.1.jar;C:\Users\alexi\.m2\repository\org\springframework\spring-jdbc\6.2.9\spring-jdbc-6.2.9.jar;C:\Users\alexi\.m2\repository\org\hibernate\orm\hibernate-core\6.6.22.Final\hibernate-core-6.6.22.Final.jar;C:\Users\alexi\.m2\repository\jakarta\persistence\jakarta.persistence-api\3.1.0\jakarta.persistence-api-3.1.0.jar;C:\Users\alexi\.m2\repository\jakarta\transaction\jakarta.transaction-api\2.0.1\jakarta.transaction-api-2.0.1.jar;C:\Users\alexi\.m2\repository\org\jboss\logging\jboss-logging\3.6.1.Final\jboss-logging-3.6.1.Final.jar;C:\Users\alexi\.m2\repository\org\hibernate\common\hibernate-commons-annotations\7.0.3.Final\hibernate-commons-annotations-7.0.3.Final.jar;C:\Users\alexi\.m2\repository\io\smallrye\jandex\3.2.0\jandex-3.2.0.jar;C:\Users\alexi\.m2\repository\com\fasterxml\classmate\1.7.0\classmate-1.7.0.jar;C:\Users\alexi\.m2\repository\net\bytebuddy\byte-buddy\1.17.6\byte-buddy-1.17.6.jar;C:\Users\alexi\.m2\repository\org\glassfish\jaxb\jaxb-runtime\4.0.5\jaxb-runtime-4.0.5.jar;C:\Users\alexi\.m2\repository\org\glassfish\jaxb\jaxb-core\4.0.5\jaxb-core-4.0.5.jar;C:\Users\alexi\.m2\repository\org\eclipse\angus\angus-activation\2.0.2\angus-activation-2.0.2.jar;C:\Users\alexi\.m2\repository\org\glassfish\jaxb\txw2\4.0.5\txw2-4.0.5.jar;C:\Users\alexi\.m2\repository\com\sun\istack\istack-commons-runtime\4.1.2\istack-commons-runtime-4.1.2.jar;C:\Users\alexi\.m2\repository\jakarta\inject\jakarta.inject-api\2.0.1\jakarta.inject-api-2.0.1.jar;C:\Users\alexi\.m2\repository\org\antlr\antlr4-runtime\4.13.0\antlr4-runtime-4.13.0.jar;C:\Users\alexi\.m2\repository\org\springframework\data\spring-data-jpa\3.5.2\spring-data-jpa-3.5.2.jar;C:\Users\alexi\.m2\repository\org\springframework\data\spring-data-commons\3.5.2\spring-data-commons-3.5.2.jar;C:\Users\alexi\.m2\repository\org\springframework\spring-orm\6.2.9\spring-orm-6.2.9.jar;C:\Users\alexi\.m2\repository\org\springframework\spring-context\6.2.9\spring-context-6.2.9.jar;C:\Users\alexi\.m2\repository\org\springframework\spring-aop\6.2.9\spring-aop-6.2.9.jar;C:\Users\alexi\.m2\repository\org\springframework\spring-tx\6.2.9\spring-tx-6.2.9.jar;C:\Users\alexi\.m2\repository\org\springframework\spring-beans\6.2.9\spring-beans-6.2.9.jar;C:\Users\alexi\.m2\repository\org\slf4j\slf4j-api\2.0.17\slf4j-api-2.0.17.jar;C:\Users\alexi\.m2\repository\org\springframework\spring-aspects\6.2.9\spring-aspects-6.2.9.jar;C:\Users\alexi\.m2\repository\org\aspectj\aspectjweaver\1.9.24\aspectjweaver-1.9.24.jar;C:\Users\alexi\.m2\repository\org\springframework\boot\spring-boot-starter-web\3.5.4\spring-boot-starter-web-3.5.4.jar;C:\Users\alexi\.m2\repository\org\springframework\boot\spring-boot-starter-json\3.5.4\spring-boot-starter-json-3.5.4.jar;C:\Users\alexi\.m2\repository\com\fasterxml\jackson\core\jackson-databind\2.19.2\jackson-databind-2.19.2.jar;C:\Users\alexi\.m2\repository\com\fasterxml\jackson\core\jackson-annotations\2.19.2\jackson-annotations-2.19.2.jar;C:\Users\alexi\.m2\repository\com\fasterxml\jackson\core\jackson-core\2.19.2\jackson-core-2.19.2.jar;C:\Users\alexi\.m2\repository\com\fasterxml\jackson\datatype\jackson-datatype-jdk8\2.19.2\jackson-datatype-jdk8-2.19.2.jar;C:\Users\alexi\.m2\repository\com\fasterxml\jackson\datatype\jackson-datatype-jsr310\2.19.2\jackson-datatype-jsr310-2.19.2.jar;C:\Users\alexi\.m2\repository\com\fasterxml\jackson\module\jackson-module-parameter-names\2.19.2\jackson-module-parameter-names-2.19.2.jar;C:\Users\alexi\.m2\repository\org\springframework\boot\spring-boot-starter-tomcat\3.5.4\spring-boot-starter-tomcat-3.5.4.jar;C:\Users\alexi\.m2\repository\org\apache\tomcat\embed\tomcat-embed-core\10.1.43\tomcat-embed-core-10.1.43.jar;C:\Users\alexi\.m2\repository\org\apache\tomcat\embed\tomcat-embed-el\10.1.43\tomcat-embed-el-10.1.43.jar;C:\Users\alexi\.m2\repository\org\apache\tomcat\embed\tomcat-embed-websocket\10.1.43\tomcat-embed-websocket-10.1.43.jar;C:\Users\alexi\.m2\repository\org\springframework\spring-web\6.2.9\spring-web-6.2.9.jar;C:\Users\alexi\.m2\repository\io\micrometer\micrometer-observation\1.15.2\micrometer-observation-1.15.2.jar;C:\Users\alexi\.m2\repository\io\micrometer\micrometer-commons\1.15.2\micrometer-commons-1.15.2.jar;C:\Users\alexi\.m2\repository\org\springframework\spring-webmvc\6.2.9\spring-webmvc-6.2.9.jar;C:\Users\alexi\.m2\repository\org\springframework\spring-expression\6.2.9\spring-expression-6.2.9.jar;C:\Users\alexi\.m2\repository\com\microsoft\sqlserver\mssql-jdbc\12.10.1.jre11\mssql-jdbc-12.10.1.jre11.jar;C:\Users\alexi\.m2\repository\org\springframework\boot\spring-boot-starter-test\3.5.4\spring-boot-starter-test-3.5.4.jar;C:\Users\alexi\.m2\repository\org\springframework\boot\spring-boot-test\3.5.4\spring-boot-test-3.5.4.jar;C:\Users\alexi\.m2\repository\org\springframework\boot\spring-boot-test-autoconfigure\3.5.4\spring-boot-test-autoconfigure-3.5.4.jar;C:\Users\alexi\.m2\repository\com\jayway\jsonpath\json-path\2.9.0\json-path-2.9.0.jar;C:\Users\alexi\.m2\repository\jakarta\xml\bind\jakarta.xml.bind-api\4.0.2\jakarta.xml.bind-api-4.0.2.jar;C:\Users\alexi\.m2\repository\jakarta\activation\jakarta.activation-api\2.1.3\jakarta.activation-api-2.1.3.jar;C:\Users\alexi\.m2\repository\net\minidev\json-smart\2.5.2\json-smart-2.5.2.jar;C:\Users\alexi\.m2\repository\net\minidev\accessors-smart\2.5.2\accessors-smart-2.5.2.jar;C:\Users\alexi\.m2\repository\org\ow2\asm\asm\9.7.1\asm-9.7.1.jar;C:\Users\alexi\.m2\repository\org\assertj\assertj-core\3.27.3\assertj-core-3.27.3.jar;C:\Users\alexi\.m2\repository\org\awaitility\awaitility\4.2.2\awaitility-4.2.2.jar;C:\Users\alexi\.m2\repository\org\hamcrest\hamcrest\3.0\hamcrest-3.0.jar;C:\Users\alexi\.m2\repository\org\junit\jupiter\junit-jupiter\5.12.2\junit-jupiter-5.12.2.jar;C:\Users\alexi\.m2\repository\org\junit\jupiter\junit-jupiter-api\5.12.2\junit-jupiter-api-5.12.2.jar;C:\Users\alexi\.m2\repository\org\opentest4j\opentest4j\1.3.0\opentest4j-1.3.0.jar;C:\Users\alexi\.m2\repository\org\junit\platform\junit-platform-commons\1.12.2\junit-platform-commons-1.12.2.jar;C:\Users\alexi\.m2\repository\org\apiguardian\apiguardian-api\1.1.2\apiguardian-api-1.1.2.jar;C:\Users\alexi\.m2\repository\org\junit\jupiter\junit-jupiter-params\5.12.2\junit-jupiter-params-5.12.2.jar;C:\Users\alexi\.m2\repository\org\junit\jupiter\junit-jupiter-engine\5.12.2\junit-jupiter-engine-5.12.2.jar;C:\Users\alexi\.m2\repository\org\junit\platform\junit-platform-engine\1.12.2\junit-platform-engine-1.12.2.jar;C:\Users\alexi\.m2\repository\org\mockito\mockito-core\5.17.0\mockito-core-5.17.0.jar;C:\Users\alexi\.m2\repository\net\bytebuddy\byte-buddy-agent\1.17.6\byte-buddy-agent-1.17.6.jar;C:\Users\alexi\.m2\repository\org\objenesis\objenesis\3.3\objenesis-3.3.jar;C:\Users\alexi\.m2\repository\org\mockito\mockito-junit-jupiter\5.17.0\mockito-junit-jupiter-5.17.0.jar;C:\Users\alexi\.m2\repository\org\skyscreamer\jsonassert\1.5.3\jsonassert-1.5.3.jar;C:\Users\alexi\.m2\repository\com\vaadin\external\google\android-json\0.0.20131108.vaadin1\android-json-0.0.20131108.vaadin1.jar;C:\Users\alexi\.m2\repository\org\springframework\spring-core\6.2.9\spring-core-6.2.9.jar;C:\Users\alexi\.m2\repository\org\springframework\spring-jcl\6.2.9\spring-jcl-6.2.9.jar;C:\Users\alexi\.m2\repository\org\springframework\spring-test\6.2.9\spring-test-6.2.9.jar;C:\Users\alexi\.m2\repository\org\xmlunit\xmlunit-core\2.10.3\xmlunit-core-2.10.3.jar;C:\Users\alexi\.m2\repository\org\mapstruct\mapstruct\1.6.3\mapstruct-1.6.3.jar;C:\Users\alexi\.m2\repository\org\springframework\boot\spring-boot-starter-webflux\3.5.4\spring-boot-starter-webflux-3.5.4.jar;C:\Users\alexi\.m2\repository\org\springframework\boot\spring-boot-starter-reactor-netty\3.5.4\spring-boot-starter-reactor-netty-3.5.4.jar;C:\Users\alexi\.m2\repository\io\projectreactor\netty\reactor-netty-http\1.2.8\reactor-netty-http-1.2.8.jar;C:\Users\alexi\.m2\repository\io\netty\netty-codec-http\4.1.123.Final\netty-codec-http-4.1.123.Final.jar;C:\Users\alexi\.m2\repository\io\netty\netty-common\4.1.123.Final\netty-common-4.1.123.Final.jar;C:\Users\alexi\.m2\repository\io\netty\netty-buffer\4.1.123.Final\netty-buffer-4.1.123.Final.jar;C:\Users\alexi\.m2\repository\io\netty\netty-transport\4.1.123.Final\netty-transport-4.1.123.Final.jar;C:\Users\alexi\.m2\repository\io\netty\netty-codec\4.1.123.Final\netty-codec-4.1.123.Final.jar;C:\Users\alexi\.m2\repository\io\netty\netty-handler\4.1.123.Final\netty-handler-4.1.123.Final.jar;C:\Users\alexi\.m2\repository\io\netty\netty-codec-http2\4.1.123.Final\netty-codec-http2-4.1.123.Final.jar;C:\Users\alexi\.m2\repository\io\netty\netty-resolver-dns\4.1.123.Final\netty-resolver-dns-4.1.123.Final.jar;C:\Users\alexi\.m2\repository\io\netty\netty-resolver\4.1.123.Final\netty-resolver-4.1.123.Final.jar;C:\Users\alexi\.m2\repository\io\netty\netty-codec-dns\4.1.123.Final\netty-codec-dns-4.1.123.Final.jar;C:\Users\alexi\.m2\repository\io\netty\netty-resolver-dns-native-macos\4.1.123.Final\netty-resolver-dns-native-macos-4.1.123.Final-osx-x86_64.jar;C:\Users\alexi\.m2\repository\io\netty\netty-resolver-dns-classes-macos\4.1.123.Final\netty-resolver-dns-classes-macos-4.1.123.Final.jar;C:\Users\alexi\.m2\repository\io\netty\netty-transport-native-epoll\4.1.123.Final\netty-transport-native-epoll-4.1.123.Final-linux-x86_64.jar;C:\Users\alexi\.m2\repository\io\netty\netty-transport-native-unix-common\4.1.123.Final\netty-transport-native-unix-common-4.1.123.Final.jar;C:\Users\alexi\.m2\repository\io\netty\netty-transport-classes-epoll\4.1.123.Final\netty-transport-classes-epoll-4.1.123.Final.jar;C:\Users\alexi\.m2\repository\io\projectreactor\netty\reactor-netty-core\1.2.8\reactor-netty-core-1.2.8.jar;C:\Users\alexi\.m2\repository\io\netty\netty-handler-proxy\4.1.123.Final\netty-handler-proxy-4.1.123.Final.jar;C:\Users\alexi\.m2\repository\io\netty\netty-codec-socks\4.1.123.Final\netty-codec-socks-4.1.123.Final.jar;C:\Users\alexi\.m2\repository\org\springframework\spring-webflux\6.2.9\spring-webflux-6.2.9.jar;C:\Users\alexi\.m2\repository\io\projectreactor\reactor-core\3.7.8\reactor-core-3.7.8.jar;C:\Users\alexi\.m2\repository\org\reactivestreams\reactive-streams\1.0.4\reactive-streams-1.0.4.jar;"/>
    <property name="java.vm.vendor" value="Oracle Corporation"/>
    <property name="sun.arch.data.model" value="64"/>
    <property name="user.variant" value=""/>
    <property name="java.vendor.url" value="https://java.oracle.com/"/>
    <property name="user.timezone" value="America/El_Salvador"/>
    <property name="org.jboss.logging.provider" value="slf4j"/>
    <property name="os.name" value="Windows 11"/>
    <property name="java.vm.specification.version" value="21"/>
    <property name="APPLICATION_NAME" value="adventure_works"/>
    <property name="sun.java.launcher" value="SUN_STANDARD"/>
    <property name="user.country" value="SV"/>
    <property name="sun.boot.library.path" value="C:\Program Files\Java\jdk-21\bin"/>
    <property name="sun.java.command" value="C:\Users\alexi\AppData\Local\Temp\surefire5794367743683100524\surefirebooter-20250913142704309_3.jar C:\Users\alexi\AppData\Local\Temp\surefire5794367743683100524 2025-09-13T14-26-59_087-jvmRun1 surefire-20250913142704309_1tmp surefire_0-20250913142704309_2tmp"/>
    <property name="jdk.debug" value="release"/>
    <property name="surefire.test.class.path" value="C:\Users\alexi\Downloads\Spring Boot\adventure_works\target\test-classes;C:\Users\alexi\Downloads\Spring Boot\adventure_works\target\classes;C:\Users\alexi\.m2\repository\org\springframework\boot\spring-boot-starter-data-jpa\3.5.4\spring-boot-starter-data-jpa-3.5.4.jar;C:\Users\alexi\.m2\repository\org\springframework\boot\spring-boot-starter\3.5.4\spring-boot-starter-3.5.4.jar;C:\Users\alexi\.m2\repository\org\springframework\boot\spring-boot\3.5.4\spring-boot-3.5.4.jar;C:\Users\alexi\.m2\repository\org\springframework\boot\spring-boot-autoconfigure\3.5.4\spring-boot-autoconfigure-3.5.4.jar;C:\Users\alexi\.m2\repository\org\springframework\boot\spring-boot-starter-logging\3.5.4\spring-boot-starter-logging-3.5.4.jar;C:\Users\alexi\.m2\repository\ch\qos\logback\logback-classic\1.5.18\logback-classic-1.5.18.jar;C:\Users\alexi\.m2\repository\ch\qos\logback\logback-core\1.5.18\logback-core-1.5.18.jar;C:\Users\alexi\.m2\repository\org\apache\logging\log4j\log4j-to-slf4j\2.24.3\log4j-to-slf4j-2.24.3.jar;C:\Users\alexi\.m2\repository\org\apache\logging\log4j\log4j-api\2.24.3\log4j-api-2.24.3.jar;C:\Users\alexi\.m2\repository\org\slf4j\jul-to-slf4j\2.0.17\jul-to-slf4j-2.0.17.jar;C:\Users\alexi\.m2\repository\jakarta\annotation\jakarta.annotation-api\2.1.1\jakarta.annotation-api-2.1.1.jar;C:\Users\alexi\.m2\repository\org\yaml\snakeyaml\2.4\snakeyaml-2.4.jar;C:\Users\alexi\.m2\repository\org\springframework\boot\spring-boot-starter-jdbc\3.5.4\spring-boot-starter-jdbc-3.5.4.jar;C:\Users\alexi\.m2\repository\com\zaxxer\HikariCP\6.3.1\HikariCP-6.3.1.jar;C:\Users\alexi\.m2\repository\org\springframework\spring-jdbc\6.2.9\spring-jdbc-6.2.9.jar;C:\Users\alexi\.m2\repository\org\hibernate\orm\hibernate-core\6.6.22.Final\hibernate-core-6.6.22.Final.jar;C:\Users\alexi\.m2\repository\jakarta\persistence\jakarta.persistence-api\3.1.0\jakarta.persistence-api-3.1.0.jar;C:\Users\alexi\.m2\repository\jakarta\transaction\jakarta.transaction-api\2.0.1\jakarta.transaction-api-2.0.1.jar;C:\Users\alexi\.m2\repository\org\jboss\logging\jboss-logging\3.6.1.Final\jboss-logging-3.6.1.Final.jar;C:\Users\alexi\.m2\repository\org\hibernate\common\hibernate-commons-annotations\7.0.3.Final\hibernate-commons-annotations-7.0.3.Final.jar;C:\Users\alexi\.m2\repository\io\smallrye\jandex\3.2.0\jandex-3.2.0.jar;C:\Users\alexi\.m2\repository\com\fasterxml\classmate\1.7.0\classmate-1.7.0.jar;C:\Users\alexi\.m2\repository\net\bytebuddy\byte-buddy\1.17.6\byte-buddy-1.17.6.jar;C:\Users\alexi\.m2\repository\org\glassfish\jaxb\jaxb-runtime\4.0.5\jaxb-runtime-4.0.5.jar;C:\Users\alexi\.m2\repository\org\glassfish\jaxb\jaxb-core\4.0.5\jaxb-core-4.0.5.jar;C:\Users\alexi\.m2\repository\org\eclipse\angus\angus-activation\2.0.2\angus-activation-2.0.2.jar;C:\Users\alexi\.m2\repository\org\glassfish\jaxb\txw2\4.0.5\txw2-4.0.5.jar;C:\Users\alexi\.m2\repository\com\sun\istack\istack-commons-runtime\4.1.2\istack-commons-runtime-4.1.2.jar;C:\Users\alexi\.m2\repository\jakarta\inject\jakarta.inject-api\2.0.1\jakarta.inject-api-2.0.1.jar;C:\Users\alexi\.m2\repository\org\antlr\antlr4-runtime\4.13.0\antlr4-runtime-4.13.0.jar;C:\Users\alexi\.m2\repository\org\springframework\data\spring-data-jpa\3.5.2\spring-data-jpa-3.5.2.jar;C:\Users\alexi\.m2\repository\org\springframework\data\spring-data-commons\3.5.2\spring-data-commons-3.5.2.jar;C:\Users\alexi\.m2\repository\org\springframework\spring-orm\6.2.9\spring-orm-6.2.9.jar;C:\Users\alexi\.m2\repository\org\springframework\spring-context\6.2.9\spring-context-6.2.9.jar;C:\Users\alexi\.m2\repository\org\springframework\spring-aop\6.2.9\spring-aop-6.2.9.jar;C:\Users\alexi\.m2\repository\org\springframework\spring-tx\6.2.9\spring-tx-6.2.9.jar;C:\Users\alexi\.m2\repository\org\springframework\spring-beans\6.2.9\spring-beans-6.2.9.jar;C:\Users\alexi\.m2\repository\org\slf4j\slf4j-api\2.0.17\slf4j-api-2.0.17.jar;C:\Users\alexi\.m2\repository\org\springframework\spring-aspects\6.2.9\spring-aspects-6.2.9.jar;C:\Users\alexi\.m2\repository\org\aspectj\aspectjweaver\1.9.24\aspectjweaver-1.9.24.jar;C:\Users\alexi\.m2\repository\org\springframework\boot\spring-boot-starter-web\3.5.4\spring-boot-starter-web-3.5.4.jar;C:\Users\alexi\.m2\repository\org\springframework\boot\spring-boot-starter-json\3.5.4\spring-boot-starter-json-3.5.4.jar;C:\Users\alexi\.m2\repository\com\fasterxml\jackson\core\jackson-databind\2.19.2\jackson-databind-2.19.2.jar;C:\Users\alexi\.m2\repository\com\fasterxml\jackson\core\jackson-annotations\2.19.2\jackson-annotations-2.19.2.jar;C:\Users\alexi\.m2\repository\com\fasterxml\jackson\core\jackson-core\2.19.2\jackson-core-2.19.2.jar;C:\Users\alexi\.m2\repository\com\fasterxml\jackson\datatype\jackson-datatype-jdk8\2.19.2\jackson-datatype-jdk8-2.19.2.jar;C:\Users\alexi\.m2\repository\com\fasterxml\jackson\datatype\jackson-datatype-jsr310\2.19.2\jackson-datatype-jsr310-2.19.2.jar;C:\Users\alexi\.m2\repository\com\fasterxml\jackson\module\jackson-module-parameter-names\2.19.2\jackson-module-parameter-names-2.19.2.jar;C:\Users\alexi\.m2\repository\org\springframework\boot\spring-boot-starter-tomcat\3.5.4\spring-boot-starter-tomcat-3.5.4.jar;C:\Users\alexi\.m2\repository\org\apache\tomcat\embed\tomcat-embed-core\10.1.43\tomcat-embed-core-10.1.43.jar;C:\Users\alexi\.m2\repository\org\apache\tomcat\embed\tomcat-embed-el\10.1.43\tomcat-embed-el-10.1.43.jar;C:\Users\alexi\.m2\repository\org\apache\tomcat\embed\tomcat-embed-websocket\10.1.43\tomcat-embed-websocket-10.1.43.jar;C:\Users\alexi\.m2\repository\org\springframework\spring-web\6.2.9\spring-web-6.2.9.jar;C:\Users\alexi\.m2\repository\io\micrometer\micrometer-observation\1.15.2\micrometer-observation-1.15.2.jar;C:\Users\alexi\.m2\repository\io\micrometer\micrometer-commons\1.15.2\micrometer-commons-1.15.2.jar;C:\Users\alexi\.m2\repository\org\springframework\spring-webmvc\6.2.9\spring-webmvc-6.2.9.jar;C:\Users\alexi\.m2\repository\org\springframework\spring-expression\6.2.9\spring-expression-6.2.9.jar;C:\Users\alexi\.m2\repository\com\microsoft\sqlserver\mssql-jdbc\12.10.1.jre11\mssql-jdbc-12.10.1.jre11.jar;C:\Users\alexi\.m2\repository\org\springframework\boot\spring-boot-starter-test\3.5.4\spring-boot-starter-test-3.5.4.jar;C:\Users\alexi\.m2\repository\org\springframework\boot\spring-boot-test\3.5.4\spring-boot-test-3.5.4.jar;C:\Users\alexi\.m2\repository\org\springframework\boot\spring-boot-test-autoconfigure\3.5.4\spring-boot-test-autoconfigure-3.5.4.jar;C:\Users\alexi\.m2\repository\com\jayway\jsonpath\json-path\2.9.0\json-path-2.9.0.jar;C:\Users\alexi\.m2\repository\jakarta\xml\bind\jakarta.xml.bind-api\4.0.2\jakarta.xml.bind-api-4.0.2.jar;C:\Users\alexi\.m2\repository\jakarta\activation\jakarta.activation-api\2.1.3\jakarta.activation-api-2.1.3.jar;C:\Users\alexi\.m2\repository\net\minidev\json-smart\2.5.2\json-smart-2.5.2.jar;C:\Users\alexi\.m2\repository\net\minidev\accessors-smart\2.5.2\accessors-smart-2.5.2.jar;C:\Users\alexi\.m2\repository\org\ow2\asm\asm\9.7.1\asm-9.7.1.jar;C:\Users\alexi\.m2\repository\org\assertj\assertj-core\3.27.3\assertj-core-3.27.3.jar;C:\Users\alexi\.m2\repository\org\awaitility\awaitility\4.2.2\awaitility-4.2.2.jar;C:\Users\alexi\.m2\repository\org\hamcrest\hamcrest\3.0\hamcrest-3.0.jar;C:\Users\alexi\.m2\repository\org\junit\jupiter\junit-jupiter\5.12.2\junit-jupiter-5.12.2.jar;C:\Users\alexi\.m2\repository\org\junit\jupiter\junit-jupiter-api\5.12.2\junit-jupiter-api-5.12.2.jar;C:\Users\alexi\.m2\repository\org\opentest4j\opentest4j\1.3.0\opentest4j-1.3.0.jar;C:\Users\alexi\.m2\repository\org\junit\platform\junit-platform-commons\1.12.2\junit-platform-commons-1.12.2.jar;C:\Users\alexi\.m2\repository\org\apiguardian\apiguardian-api\1.1.2\apiguardian-api-1.1.2.jar;C:\Users\alexi\.m2\repository\org\junit\jupiter\junit-jupiter-params\5.12.2\junit-jupiter-params-5.12.2.jar;C:\Users\alexi\.m2\repository\org\junit\jupiter\junit-jupiter-engine\5.12.2\junit-jupiter-engine-5.12.2.jar;C:\Users\alexi\.m2\repository\org\junit\platform\junit-platform-engine\1.12.2\junit-platform-engine-1.12.2.jar;C:\Users\alexi\.m2\repository\org\mockito\mockito-core\5.17.0\mockito-core-5.17.0.jar;C:\Users\alexi\.m2\repository\net\bytebuddy\byte-buddy-agent\1.17.6\byte-buddy-agent-1.17.6.jar;C:\Users\alexi\.m2\repository\org\objenesis\objenesis\3.3\objenesis-3.3.jar;C:\Users\alexi\.m2\repository\org\mockito\mockito-junit-jupiter\5.17.0\mockito-junit-jupiter-5.17.0.jar;C:\Users\alexi\.m2\repository\org\skyscreamer\jsonassert\1.5.3\jsonassert-1.5.3.jar;C:\Users\alexi\.m2\repository\com\vaadin\external\google\android-json\0.0.20131108.vaadin1\android-json-0.0.20131108.vaadin1.jar;C:\Users\alexi\.m2\repository\org\springframework\spring-core\6.2.9\spring-core-6.2.9.jar;C:\Users\alexi\.m2\repository\org\springframework\spring-jcl\6.2.9\spring-jcl-6.2.9.jar;C:\Users\alexi\.m2\repository\org\springframework\spring-test\6.2.9\spring-test-6.2.9.jar;C:\Users\alexi\.m2\repository\org\xmlunit\xmlunit-core\2.10.3\xmlunit-core-2.10.3.jar;C:\Users\alexi\.m2\repository\org\mapstruct\mapstruct\1.6.3\mapstruct-1.6.3.jar;C:\Users\alexi\.m2\repository\org\springframework\boot\spring-boot-starter-webflux\3.5.4\spring-boot-starter-webflux-3.5.4.jar;C:\Users\alexi\.m2\repository\org\springframework\boot\spring-boot-starter-reactor-netty\3.5.4\spring-boot-starter-reactor-netty-3.5.4.jar;C:\Users\alexi\.m2\repository\io\projectreactor\netty\reactor-netty-http\1.2.8\reactor-netty-http-1.2.8.jar;C:\Users\alexi\.m2\repository\io\netty\netty-codec-http\4.1.123.Final\netty-codec-http-4.1.123.Final.jar;C:\Users\alexi\.m2\repository\io\netty\netty-common\4.1.123.Final\netty-common-4.1.123.Final.jar;C:\Users\alexi\.m2\repository\io\netty\netty-buffer\4.1.123.Final\netty-buffer-4.1.123.Final.jar;C:\Users\alexi\.m2\repository\io\netty\netty-transport\4.1.123.Final\netty-transport-4.1.123.Final.jar;C:\Users\alexi\.m2\repository\io\netty\netty-codec\4.1.123.Final\netty-codec-4.1.123.Final.jar;C:\Users\alexi\.m2\repository\io\netty\netty-handler\4.1.123.Final\netty-handler-4.1.123.Final.jar;C:\Users\alexi\.m2\repository\io\netty\netty-codec-http2\4.1.123.Final\netty-codec-http2-4.1.123.Final.jar;C:\Users\alexi\.m2\repository\io\netty\netty-resolver-dns\4.1.123.Final\netty-resolver-dns-4.1.123.Final.jar;C:\Users\alexi\.m2\repository\io\netty\netty-resolver\4.1.123.Final\netty-resolver-4.1.123.Final.jar;C:\Users\alexi\.m2\repository\io\netty\netty-codec-dns\4.1.123.Final\netty-codec-dns-4.1.123.Final.jar;C:\Users\alexi\.m2\repository\io\netty\netty-resolver-dns-native-macos\4.1.123.Final\netty-resolver-dns-native-macos-4.1.123.Final-osx-x86_64.jar;C:\Users\alexi\.m2\repository\io\netty\netty-resolver-dns-classes-macos\4.1.123.Final\netty-resolver-dns-classes-macos-4.1.123.Final.jar;C:\Users\alexi\.m2\repository\io\netty\netty-transport-native-epoll\4.1.123.Final\netty-transport-native-epoll-4.1.123.Final-linux-x86_64.jar;C:\Users\alexi\.m2\repository\io\netty\netty-transport-native-unix-common\4.1.123.Final\netty-transport-native-unix-common-4.1.123.Final.jar;C:\Users\alexi\.m2\repository\io\netty\netty-transport-classes-epoll\4.1.123.Final\netty-transport-classes-epoll-4.1.123.Final.jar;C:\Users\alexi\.m2\repository\io\projectreactor\netty\reactor-netty-core\1.2.8\reactor-netty-core-1.2.8.jar;C:\Users\alexi\.m2\repository\io\netty\netty-handler-proxy\4.1.123.Final\netty-handler-proxy-4.1.123.Final.jar;C:\Users\alexi\.m2\repository\io\netty\netty-codec-socks\4.1.123.Final\netty-codec-socks-4.1.123.Final.jar;C:\Users\alexi\.m2\repository\org\springframework\spring-webflux\6.2.9\spring-webflux-6.2.9.jar;C:\Users\alexi\.m2\repository\io\projectreactor\reactor-core\3.7.8\reactor-core-3.7.8.jar;C:\Users\alexi\.m2\repository\org\reactivestreams\reactive-streams\1.0.4\reactive-streams-1.0.4.jar;"/>
    <property name="sun.cpu.endian" value="little"/>
    <property name="user.home" value="C:\Users\alexi"/>
    <property name="user.language" value="es"/>
    <property name="java.specification.vendor" value="Oracle Corporation"/>
    <property name="java.version.date" value="2025-04-15"/>
    <property name="java.home" value="C:\Program Files\Java\jdk-21"/>
    <property name="file.separator" value="\"/>
    <property name="basedir" value="C:\Users\alexi\Downloads\Spring Boot\adventure_works"/>
    <property name="java.vm.compressedOopsMode" value="32-bit"/>
    <property name="line.separator" value="&#10;"/>
    <property name="java.vm.specification.vendor" value="Oracle Corporation"/>
    <property name="java.specification.name" value="Java Platform API Specification"/>
    <property name="FILE_LOG_CHARSET" value="UTF-8"/>
    <property name="java.awt.headless" value="true"/>
    <property name="surefire.real.class.path" value="C:\Users\alexi\AppData\Local\Temp\surefire5794367743683100524\surefirebooter-20250913142704309_3.jar"/>
    <property name="user.script" value=""/>
    <property name="sun.management.compiler" value="HotSpot 64-Bit Tiered Compilers"/>
    <property name="java.runtime.version" value="21.0.7+8-LTS-245"/>
    <property name="user.name" value="Alejo"/>
    <property name="stdout.encoding" value="Cp1252"/>
    <property name="path.separator" value=";"/>
    <property name="os.version" value="10.0"/>
    <property name="java.runtime.name" value="Java(TM) SE Runtime Environment"/>
    <property name="file.encoding" value="UTF-8"/>
    <property name="java.vm.name" value="Java HotSpot(TM) 64-Bit Server VM"/>
    <property name="localRepository" value="C:\Users\alexi\.m2\repository"/>
    <property name="java.vendor.url.bug" value="https://bugreport.java.com/bugreport/"/>
    <property name="java.io.tmpdir" value="C:\Users\alexi\AppData\Local\Temp\"/>
    <property name="com.zaxxer.hikari.pool_number" value="1"/>
    <property name="java.version" value="21.0.7"/>
    <property name="user.dir" value="C:\Users\alexi\Downloads\Spring Boot\adventure_works"/>
    <property name="os.arch" value="amd64"/>
    <property name="java.vm.specification.name" value="Java Virtual Machine Specification"/>
    <property name="PID" value="18252"/>
    <property name="sun.os.patch.level" value=""/>
    <property name="CONSOLE_LOG_CHARSET" value="UTF-8"/>
    <property name="native.encoding" value="Cp1252"/>
    <property name="java.library.path" value="C:\Program Files\Java\jdk-21\bin;C:\WINDOWS\Sun\Java\bin;C:\WINDOWS\system32;C:\WINDOWS;C:\Program Files\Microsoft MPI\Bin\;C:\Program Files\Microsoft\jdk-11.0.16.101-hotspot\bin;C:\Program Files\Common Files\Oracle\Java\javapath;C:\Program Files (x86)\Common Files\Oracle\Java\java8path;C:\Program Files (x86)\Common Files\Oracle\Java\javapath;C:\ProgramData\Oracle\Java\javapath;C:\windows\system32;C:\windows;C:\windows\System32\Wbem;C:\windows\System32\WindowsPowerShell\v1.0\;C:\windows\System32\OpenSSH\;C:\Program Files\Microsoft SQL Server\150\Tools\Binn\;C:\Program Files\Microsoft SQL Server\Client SDK\ODBC\170\Tools\Binn\;C:\Program Files (x86)\Microsoft SQL Server\150\Tools\Binn\;C:\Program Files\Microsoft SQL Server\150\DTS\Binn\;C:\Program Files\Azure Data Studio\bin;C:\Program Files (x86)\Microsoft SQL Server\160\Tools\Binn\;C:\Program Files\Microsoft SQL Server\160\Tools\Binn\;C:\Program Files\Microsoft SQL Server\160\DTS\Binn\;C:\Program Files (x86)\Microsoft SQL Server\160\DTS\Binn\;C:\Program Files\nodejs\;C:\WINDOWS\system32;C:\WINDOWS;C:\WINDOWS\System32\Wbem;C:\WINDOWS\System32\WindowsPowerShell\v1.0\;C:\WINDOWS\System32\OpenSSH\;C:\Program Files\Git\cmd;C:\dev\flutter\bin;C:\Program Files\Java\jdk-21\bin;C:\workspace\apache-maven-3.9.11\bin;C:\Program Files\Java\jdk-21\bin;C:\Users\alexi\AppData\Local\Programs\Python\Python313\Scripts\;C:\Users\alexi\AppData\Local\Programs\Python\Python313\;C:\Users\alexi\AppData\Local\Programs\oh-my-posh\bin\;C:\Users\alexi\AppData\Local\Microsoft\WindowsApps;C:\Program Files\Azure Data Studio\bin;C:\Users\alexi\AppData\Roaming\npm;C:\Users\alexi\AppData\Local\Programs\Microsoft VS Code\bin;C:\dev\flutter\bin;;."/>
    <property name="java.vm.info" value="mixed mode, sharing"/>
    <property name="stderr.encoding" value="Cp1252"/>
    <property name="java.vendor" value="Oracle Corporation"/>
    <property name="java.vm.version" value="21.0.7+8-LTS-245"/>
    <property name="sun.io.unicode.encoding" value="UnicodeLittle"/>
    <property name="java.class.version" value="65.0"/>
    <property name="LOGGED_APPLICATION_NAME" value="[adventure_works] "/>
  </properties>
  <testcase name="contextLoads" classname="com.devsite.adventure_works.AdventureWorksApplicationTests" time="1.189">
    <system-out><![CDATA[14:27:06.524 [main] INFO org.springframework.test.context.support.AnnotationConfigContextLoaderUtils -- Could not detect default configuration classes for test class [com.devsite.adventure_works.AdventureWorksApplicationTests]: AdventureWorksApplicationTests does not declare any static, non-private, non-final, nested classes annotated with @Configuration.
14:27:06.833 [main] INFO org.springframework.boot.test.context.SpringBootTestContextBootstrapper -- Found @SpringBootConfiguration com.devsite.adventure_works.AdventureWorksApplication for test class com.devsite.adventure_works.AdventureWorksApplicationTests

  .   ____          _            __ _ _
 /\\ / ___'_ __ _ _(_)_ __  __ _ \ \ \ \
( ( )\___ | '_ | '_| | '_ \/ _` | \ \ \ \
 \\/  ___)| |_)| | | | | || (_| |  ) ) ) )
  '  |____| .__|_| |_|_| |_\__, | / / / /
 =========|_|==============|___/=/_/_/_/

 :: Spring Boot ::                (v3.5.4)

2025-09-13T14:27:08.081-06:00  INFO 18252 --- [adventure_works] [           main] c.d.a.AdventureWorksApplicationTests     : Starting AdventureWorksApplicationTests using Java 21.0.7 with PID 18252 (started by Alejo in C:\Users\alexi\Downloads\Spring Boot\adventure_works)
2025-09-13T14:27:08.082-06:00  INFO 18252 --- [adventure_works] [           main] c.d.a.AdventureWorksApplicationTests     : No active profile set, falling back to 1 default profile: "default"
2025-09-13T14:27:10.138-06:00  INFO 18252 --- [adventure_works] [           main] .s.d.r.c.RepositoryConfigurationDelegate : Bootstrapping Spring Data JPA repositories in DEFAULT mode.
2025-09-13T14:27:10.194-06:00  INFO 18252 --- [adventure_works] [           main] .s.d.r.c.RepositoryConfigurationDelegate : Finished Spring Data repository scanning in 26 ms. Found 0 JPA repository interfaces.
2025-09-13T14:27:12.557-06:00  INFO 18252 --- [adventure_works] [           main] o.hibernate.jpa.internal.util.LogHelper  : HHH000204: Processing PersistenceUnitInfo [name: default]
2025-09-13T14:27:12.747-06:00  INFO 18252 --- [adventure_works] [           main] org.hibernate.Version                    : HHH000412: Hibernate ORM core version 6.6.22.Final
2025-09-13T14:27:12.981-06:00  INFO 18252 --- [adventure_works] [           main] o.h.c.internal.RegionFactoryInitiator    : HHH000026: Second-level cache disabled
2025-09-13T14:27:14.343-06:00  INFO 18252 --- [adventure_works] [           main] o.s.o.j.p.SpringPersistenceUnitInfo      : No LoadTimeWeaver setup: ignoring JPA class transformer
2025-09-13T14:27:14.459-06:00  INFO 18252 --- [adventure_works] [           main] com.zaxxer.hikari.HikariDataSource       : HikariPool-1 - Starting...
2025-09-13T14:27:16.509-06:00  INFO 18252 --- [adventure_works] [           main] com.zaxxer.hikari.pool.HikariPool        : HikariPool-1 - Added connection ConnectionID:1 ClientConnectionId: ae0a1e40-9247-4766-8e42-762cc43ec164
2025-09-13T14:27:16.509-06:00  INFO 18252 --- [adventure_works] [           main] com.zaxxer.hikari.HikariDataSource       : HikariPool-1 - Start completed.
2025-09-13T14:27:16.682-06:00  WARN 18252 --- [adventure_works] [onnection-adder] c.m.s.j.internals.SQLServerConnection    : ConnectionID:2 ClientConnectionId: 80eb6863-4e15-479a-ba31-9b62d314e357 Prelogin error: host localhost port 1434 Error reading prelogin response: Connection reset ClientConnectionId:80eb6863-4e15-479a-ba31-9b62d314e357
2025-09-13T14:27:16.687-06:00  WARN 18252 --- [adventure_works] [onnection-adder] c.m.s.j.internals.SQLServerConnection    : ConnectionID:2 ClientConnectionId: 37c326cb-b31d-4047-b29e-d7fb1f233539 Prelogin error: host localhost port 1434 Error reading prelogin response: Connection reset ClientConnectionId:37c326cb-b31d-4047-b29e-d7fb1f233539
2025-09-13T14:27:16.723-06:00  WARN 18252 --- [adventure_works] [onnection-adder] c.m.s.j.internals.SQLServerConnection    : ConnectionID:3 ClientConnectionId: 4ecf1652-0495-45aa-86fd-11afedae04b8 Prelogin error: host localhost port 1434 Error reading prelogin response: Connection reset ClientConnectionId:4ecf1652-0495-45aa-86fd-11afedae04b8
2025-09-13T14:27:16.734-06:00  WARN 18252 --- [adventure_works] [onnection-adder] c.m.s.j.internals.SQLServerConnection    : ConnectionID:3 ClientConnectionId: 32499def-8e48-4256-bfc6-4c35235eff30 Prelogin error: host localhost port 1434 Error reading prelogin response: Connection reset ClientConnectionId:32499def-8e48-4256-bfc6-4c35235eff30
2025-09-13T14:27:16.769-06:00  WARN 18252 --- [adventure_works] [onnection-adder] c.m.s.j.internals.SQLServerConnection    : ConnectionID:4 ClientConnectionId: 073905d0-5d30-4046-8634-6f8625051215 Prelogin error: host localhost port 1434 Error reading prelogin response: Connection reset ClientConnectionId:073905d0-5d30-4046-8634-6f8625051215
2025-09-13T14:27:16.773-06:00  WARN 18252 --- [adventure_works] [onnection-adder] c.m.s.j.internals.SQLServerConnection    : ConnectionID:4 ClientConnectionId: c49f553c-981e-4a8b-96cf-340906ebfa91 Prelogin error: host localhost port 1434 Error reading prelogin response: Connection reset ClientConnectionId:c49f553c-981e-4a8b-96cf-340906ebfa91
2025-09-13T14:27:16.797-06:00  WARN 18252 --- [adventure_works] [           main] org.hibernate.orm.deprecation            : HHH90000025: SQLServerDialect does not need to be specified explicitly using 'hibernate.dialect' (remove the property setting and it will be selected by default)
2025-09-13T14:27:16.822-06:00  WARN 18252 --- [adventure_works] [onnection-adder] c.m.s.j.internals.SQLServerConnection    : ConnectionID:5 ClientConnectionId: 782d2fe8-75e3-4908-bdc9-27e43831168f Prelogin error: host localhost port 1434 Error reading prelogin response: Connection reset ClientConnectionId:782d2fe8-75e3-4908-bdc9-27e43831168f
2025-09-13T14:27:16.826-06:00  WARN 18252 --- [adventure_works] [onnection-adder] c.m.s.j.internals.SQLServerConnection    : ConnectionID:5 ClientConnectionId: b33eaefd-3350-451e-9ef1-f5c33e49450e Prelogin error: host localhost port 1434 Error reading prelogin response: Connection reset ClientConnectionId:b33eaefd-3350-451e-9ef1-f5c33e49450e
2025-09-13T14:27:16.834-06:00  INFO 18252 --- [adventure_works] [           main] org.hibernate.orm.connections.pooling    : HHH10001005: Database info:
	Database JDBC URL [Connecting through datasource 'HikariDataSource (HikariPool-1)']
	Database driver: undefined/unknown
	Database version: 16.0
	Autocommit mode: undefined/unknown
	Isolation level: undefined/unknown
	Minimum pool size: undefined/unknown
	Maximum pool size: undefined/unknown
2025-09-13T14:27:16.929-06:00  WARN 18252 --- [adventure_works] [onnection-adder] c.m.s.j.internals.SQLServerConnection    : ConnectionID:6 ClientConnectionId: 07c708f7-16ea-4a2d-b71d-85a689bdf5c6 Prelogin error: host localhost port 1434 Error reading prelogin response: Connection reset ClientConnectionId:07c708f7-16ea-4a2d-b71d-85a689bdf5c6
2025-09-13T14:27:16.931-06:00  WARN 18252 --- [adventure_works] [onnection-adder] c.m.s.j.internals.SQLServerConnection    : ConnectionID:6 ClientConnectionId: 1d84514d-6e86-459d-b43c-c52de44dc0c8 Prelogin error: host localhost port 1434 Error reading prelogin response: Connection reset ClientConnectionId:1d84514d-6e86-459d-b43c-c52de44dc0c8
2025-09-13T14:27:17.107-06:00  WARN 18252 --- [adventure_works] [onnection-adder] c.m.s.j.internals.SQLServerConnection    : ConnectionID:7 ClientConnectionId: de1e7aec-6116-45da-86b6-0d17ea95f176 Prelogin error: host localhost port 1434 Error reading prelogin response: Connection reset ClientConnectionId:de1e7aec-6116-45da-86b6-0d17ea95f176
2025-09-13T14:27:17.140-06:00  WARN 18252 --- [adventure_works] [onnection-adder] c.m.s.j.internals.SQLServerConnection    : ConnectionID:7 ClientConnectionId: 47bad8ed-fe8d-4ec3-882b-69a4a86aa499 Prelogin error: host localhost port 1434 Error reading prelogin response: Connection reset ClientConnectionId:47bad8ed-fe8d-4ec3-882b-69a4a86aa499
2025-09-13T14:27:17.466-06:00  WARN 18252 --- [adventure_works] [onnection-adder] c.m.s.j.internals.SQLServerConnection    : ConnectionID:8 ClientConnectionId: bc927236-0301-4b98-a7f6-17e4a5cd2197 Prelogin error: host localhost port 1434 Error reading prelogin response: Connection reset ClientConnectionId:bc927236-0301-4b98-a7f6-17e4a5cd2197
2025-09-13T14:27:17.470-06:00  WARN 18252 --- [adventure_works] [onnection-adder] c.m.s.j.internals.SQLServerConnection    : ConnectionID:8 ClientConnectionId: 8f73a9cf-b7b4-45ea-93d9-0b51ddd967a4 Prelogin error: host localhost port 1434 Error reading prelogin response: Connection reset ClientConnectionId:8f73a9cf-b7b4-45ea-93d9-0b51ddd967a4
2025-09-13T14:27:17.774-06:00  INFO 18252 --- [adventure_works] [           main] o.h.e.t.j.p.i.JtaPlatformInitiator       : HHH000489: No JTA platform available (set 'hibernate.transaction.jta.platform' to enable JTA platform integration)
2025-09-13T14:27:17.785-06:00  INFO 18252 --- [adventure_works] [           main] j.LocalContainerEntityManagerFactoryBean : Initialized JPA EntityManagerFactory for persistence unit 'default'
2025-09-13T14:27:18.121-06:00  WARN 18252 --- [adventure_works] [onnection-adder] c.m.s.j.internals.SQLServerConnection    : ConnectionID:9 ClientConnectionId: b3205067-2627-48d4-9b36-af6bd61d1543 Prelogin error: host localhost port 1434 Error reading prelogin response: Connection reset ClientConnectionId:b3205067-2627-48d4-9b36-af6bd61d1543
2025-09-13T14:27:18.123-06:00  WARN 18252 --- [adventure_works] [onnection-adder] c.m.s.j.internals.SQLServerConnection    : ConnectionID:9 ClientConnectionId: 1601a4db-ae2a-4b5b-a6db-1b33bda42f22 Prelogin error: host localhost port 1434 Error reading prelogin response: Connection reset ClientConnectionId:1601a4db-ae2a-4b5b-a6db-1b33bda42f22
2025-09-13T14:27:18.616-06:00  WARN 18252 --- [adventure_works] [           main] JpaBaseConfiguration$JpaWebConfiguration : spring.jpa.open-in-view is enabled by default. Therefore, database queries may be performed during view rendering. Explicitly configure spring.jpa.open-in-view to disable this warning
2025-09-13T14:27:19.425-06:00  WARN 18252 --- [adventure_works] [onnection-adder] c.m.s.j.internals.SQLServerConnection    : ConnectionID:10 ClientConnectionId: 01229aa5-033e-4ae4-a29f-06fbd34db41b Prelogin error: host localhost port 1434 Error reading prelogin response: Connection reset ClientConnectionId:01229aa5-033e-4ae4-a29f-06fbd34db41b
2025-09-13T14:27:19.427-06:00  WARN 18252 --- [adventure_works] [onnection-adder] c.m.s.j.internals.SQLServerConnection    : ConnectionID:10 ClientConnectionId: 454d1377-d3a8-42df-b80c-5ff041ba2747 Prelogin error: host localhost port 1434 Error reading prelogin response: Connection reset ClientConnectionId:454d1377-d3a8-42df-b80c-5ff041ba2747
2025-09-13T14:27:19.603-06:00  INFO 18252 --- [adventure_works] [           main] c.d.a.AdventureWorksApplicationTests     : Started AdventureWorksApplicationTests in 12.227 seconds (process running for 14.795)
]]></system-out>
    <system-err><![CDATA[Mockito is currently self-attaching to enable the inline-mock-maker. This will no longer work in future releases of the JDK. Please add Mockito as an agent to your build as described in Mockito's documentation: https://javadoc.io/doc/org.mockito/mockito-core/latest/org.mockito/org/mockito/Mockito.html#0.3
WARNING: A Java agent has been loaded dynamically (C:\Users\alexi\.m2\repository\net\bytebuddy\byte-buddy-agent\1.17.6\byte-buddy-agent-1.17.6.jar)
WARNING: If a serviceability tool is in use, please run with -XX:+EnableDynamicAgentLoading to hide this warning
WARNING: If a serviceability tool is not in use, please run with -Djdk.instrument.traceUsage for more information
WARNING: Dynamic loading of agents will be disallowed by default in a future release
]]></system-err>
  </testcase>
</testsuite>